<?xml version="1.0" encoding="UTF-8"?>
<coverage generated="1695927659297" clover="3.2.0">
  <project timestamp="1695927659298" name="All files">
    <metrics statements="28" coveredstatements="26" conditionals="13" coveredconditionals="13" methods="2" coveredmethods="2" elements="43" coveredelements="41" complexity="0" loc="28" ncloc="28" packages="1" files="1" classes="1"/>
    <file name="CpfValidator.ts" path="F:\User\Documents\Clean_code_Clean_Architecture\backend\ride\src\CpfValidator.ts">
      <metrics statements="28" coveredstatements="26" conditionals="13" coveredconditionals="13" methods="2" coveredmethods="2"/>
      <line num="2" count="1" type="stmt"/>
      <line num="3" count="9" type="cond" truecount="2" falsecount="0"/>
      <line num="4" count="8" type="cond" truecount="1" falsecount="0"/>
      <line num="5" count="7" type="cond" truecount="4" falsecount="0"/>
      <line num="6" count="5" type="stmt"/>
      <line num="11" count="19" type="cond" truecount="2" falsecount="0"/>
      <line num="12" count="4" type="stmt"/>
      <line num="17" count="4" type="stmt"/>
      <line num="18" count="4" type="stmt"/>
      <line num="19" count="4" type="stmt"/>
      <line num="20" count="36" type="stmt"/>
      <line num="21" count="36" type="stmt"/>
      <line num="22" count="36" type="stmt"/>
      <line num="25" count="4" type="stmt"/>
      <line num="27" count="4" type="cond" truecount="2" falsecount="0"/>
      <line num="28" count="4" type="stmt"/>
      <line num="29" count="4" type="stmt"/>
      <line num="30" count="4" type="cond" truecount="2" falsecount="0"/>
      <line num="31" count="1" type="stmt"/>
      <line num="33" count="3" type="stmt"/>
      <line num="34" count="4" type="stmt"/>
      <line num="35" count="4" type="stmt"/>
      <line num="36" count="4" type="stmt"/>
      <line num="38" count="0" type="stmt"/>
      <line num="39" count="0" type="stmt"/>
      <line num="41" count="1" type="stmt"/>
      <line num="42" count="2" type="stmt"/>
      <line num="44" count="1" type="stmt"/>
    </file>
  </project>
</coverage>
