{"F:\\User\\Documents\\Clean_code_Clean_Architecture\\backend\\ride\\src\\CpfValidator.ts": {"path":"F:\\User\\Documents\\Clean_code_Clean_Architecture\\backend\\ride\\src\\CpfValidator.ts","statementMap":{"0":{"start":{"line":3,"column":2},"end":{"line":44,"column":21}},"1":{"start":{"line":4,"column":4},"end":{"line":43,"column":null}},"2":{"start":{"line":5,"column":6},"end":{"line":42,"column":null}},"3":{"start":{"line":6,"column":8},"end":{"line":10,"column":28}},"4":{"start":{"line":11,"column":8},"end":{"line":41,"column":null}},"5":{"start":{"line":11,"column":37},"end":{"line":11,"column":49}},"6":{"start":{"line":12,"column":10},"end":{"line":40,"column":null}},"7":{"start":{"line":17,"column":12},"end":{"line":17,"column":24}},"8":{"start":{"line":18,"column":12},"end":{"line":18,"column":33}},"9":{"start":{"line":19,"column":12},"end":{"line":23,"column":14}},"10":{"start":{"line":19,"column":30},"end":{"line":19,"column":31}},"11":{"start":{"line":20,"column":14},"end":{"line":20,"column":66}},"12":{"start":{"line":21,"column":14},"end":{"line":21,"column":47}},"13":{"start":{"line":22,"column":14},"end":{"line":22,"column":47}},"14":{"start":{"line":25,"column":12},"end":{"line":25,"column":29}},"15":{"start":{"line":27,"column":12},"end":{"line":27,"column":51}},"16":{"start":{"line":28,"column":12},"end":{"line":28,"column":26}},"17":{"start":{"line":29,"column":12},"end":{"line":29,"column":29}},"18":{"start":{"line":30,"column":12},"end":{"line":33,"column":28}},"19":{"start":{"line":31,"column":12},"end":{"line":31,"column":20}},"20":{"start":{"line":33,"column":12},"end":{"line":33,"column":28}},"21":{"start":{"line":34,"column":30},"end":{"line":34,"column":69}},"22":{"start":{"line":35,"column":12},"end":{"line":35,"column":45}},"23":{"start":{"line":36,"column":12},"end":{"line":36,"column":45}},"24":{"start":{"line":38,"column":12},"end":{"line":38,"column":38}},"25":{"start":{"line":39,"column":12},"end":{"line":39,"column":25}},"26":{"start":{"line":41,"column":15},"end":{"line":41,"column":null}},"27":{"start":{"line":42,"column":12},"end":{"line":42,"column":null}},"28":{"start":{"line":44,"column":8},"end":{"line":44,"column":21}},"29":{"start":{"line":2,"column":0},"end":{"line":2,"column":16}}},"fnMap":{"0":{"name":"validate","decl":{"start":{"line":2,"column":16},"end":{"line":2,"column":24}},"loc":{"start":{"line":2,"column":29},"end":{"line":45,"column":1}}},"1":{"name":"(anonymous_1)","decl":{"start":{"line":11,"column":32},"end":{"line":11,"column":33}},"loc":{"start":{"line":11,"column":37},"end":{"line":11,"column":49}}}},"branchMap":{"0":{"loc":{"start":{"line":3,"column":2},"end":{"line":44,"column":21}},"type":"if","locations":[{"start":{"line":3,"column":2},"end":{"line":44,"column":21}},{"start":{"line":44,"column":8},"end":{"line":44,"column":21}}]},"1":{"loc":{"start":{"line":4,"column":4},"end":{"line":43,"column":null}},"type":"if","locations":[{"start":{"line":4,"column":4},"end":{"line":43,"column":null}}]},"2":{"loc":{"start":{"line":5,"column":6},"end":{"line":42,"column":null}},"type":"if","locations":[{"start":{"line":5,"column":6},"end":{"line":42,"column":null}},{"start":{"line":42,"column":12},"end":{"line":42,"column":null}}]},"3":{"loc":{"start":{"line":5,"column":10},"end":{"line":5,"column":46}},"type":"binary-expr","locations":[{"start":{"line":5,"column":10},"end":{"line":5,"column":26}},{"start":{"line":5,"column":30},"end":{"line":5,"column":46}}]},"4":{"loc":{"start":{"line":11,"column":8},"end":{"line":41,"column":null}},"type":"if","locations":[{"start":{"line":11,"column":8},"end":{"line":41,"column":null}},{"start":{"line":41,"column":15},"end":{"line":41,"column":null}}]},"5":{"loc":{"start":{"line":27,"column":18},"end":{"line":27,"column":50}},"type":"cond-expr","locations":[{"start":{"line":27,"column":31},"end":{"line":27,"column":38}},{"start":{"line":27,"column":41},"end":{"line":27,"column":50}}]},"6":{"loc":{"start":{"line":30,"column":12},"end":{"line":33,"column":28}},"type":"if","locations":[{"start":{"line":30,"column":12},"end":{"line":33,"column":28}},{"start":{"line":33,"column":12},"end":{"line":33,"column":28}}]}},"s":{"0":9,"1":8,"2":7,"3":5,"4":5,"5":19,"6":4,"7":4,"8":4,"9":4,"10":4,"11":36,"12":36,"13":36,"14":4,"15":4,"16":4,"17":4,"18":4,"19":1,"20":3,"21":4,"22":4,"23":4,"24":0,"25":0,"26":1,"27":2,"28":1,"29":1},"f":{"0":9,"1":19},"b":{"0":[8,1],"1":[7],"2":[5,2],"3":[7,5],"4":[4,1],"5":[1,3],"6":[1,3]}}
}
