{"F:\\User\\Documents\\projetos\\Clean_code_Clean_Architecture\\backend\\ride\\knex.js": {"path":"F:\\User\\Documents\\projetos\\Clean_code_Clean_Architecture\\backend\\ride\\knex.js","statementMap":{"0":{"start":{"line":1,"column":20},"end":{"line":1,"column":60}},"1":{"start":{"line":2,"column":15},"end":{"line":2,"column":49}},"2":{"start":{"line":3,"column":0},"end":{"line":3,"column":40}}},"fnMap":{},"branchMap":{"0":{"loc":{"start":{"line":1,"column":20},"end":{"line":1,"column":60}},"type":"binary-expr","locations":[{"start":{"line":1,"column":20},"end":{"line":1,"column":43}},{"start":{"line":1,"column":47},"end":{"line":1,"column":60}}],"line":1}},"s":{"0":2,"1":2,"2":2},"f":{},"b":{"0":[2,2]},"inputSourceMap":null,"_coverageSchema":"1a1c01bbd47fc00a2c39e90264f33305004495a9","hash":"e77998d34e1a71aea37c1e9f09e141886326a4f7"}
,"F:\\User\\Documents\\projetos\\Clean_code_Clean_Architecture\\backend\\ride\\knexfile.js": {"path":"F:\\User\\Documents\\projetos\\Clean_code_Clean_Architecture\\backend\\ride\\knexfile.js","statementMap":{"0":{"start":{"line":1,"column":0},"end":{"line":1,"column":27}},"1":{"start":{"line":3,"column":0},"end":{"line":15,"column":2}}},"fnMap":{},"branchMap":{},"s":{"0":2,"1":2},"f":{},"b":{},"inputSourceMap":null,"_coverageSchema":"1a1c01bbd47fc00a2c39e90264f33305004495a9","hash":"1b42b1a49a164cd015c7fde8207983411644d130"}
,"F:\\User\\Documents\\projetos\\Clean_code_Clean_Architecture\\backend\\ride\\src\\Cpf.ts": {"path":"F:\\User\\Documents\\projetos\\Clean_code_Clean_Architecture\\backend\\ride\\src\\Cpf.ts","statementMap":{"0":{"start":{"line":5,"column":4},"end":{"line":5,"column":61}},"1":{"start":{"line":5,"column":30},"end":{"line":5,"column":61}},"2":{"start":{"line":6,"column":4},"end":{"line":6,"column":23}},"3":{"start":{"line":10,"column":4},"end":{"line":10,"column":27}},"4":{"start":{"line":10,"column":14},"end":{"line":10,"column":27}},"5":{"start":{"line":11,"column":4},"end":{"line":11,"column":26}},"6":{"start":{"line":12,"column":4},"end":{"line":12,"column":46}},"7":{"start":{"line":12,"column":33},"end":{"line":12,"column":46}},"8":{"start":{"line":13,"column":4},"end":{"line":13,"column":47}},"9":{"start":{"line":13,"column":34},"end":{"line":13,"column":47}},"10":{"start":{"line":14,"column":14},"end":{"line":14,"column":42}},"11":{"start":{"line":15,"column":14},"end":{"line":15,"column":42}},"12":{"start":{"line":16,"column":4},"end":{"line":16,"column":58}},"13":{"start":{"line":20,"column":16},"end":{"line":20,"column":17}},"14":{"start":{"line":21,"column":4},"end":{"line":23,"column":null}},"15":{"start":{"line":22,"column":6},"end":{"line":22,"column":58}},"16":{"start":{"line":22,"column":22},"end":{"line":22,"column":58}},"17":{"start":{"line":24,"column":17},"end":{"line":24,"column":25}},"18":{"start":{"line":25,"column":4},"end":{"line":25,"column":38}},"19":{"start":{"line":29,"column":4},"end":{"line":29,"column":34}},"20":{"start":{"line":33,"column":4},"end":{"line":33,"column":29}},"21":{"start":{"line":37,"column":25},"end":{"line":37,"column":28}},"22":{"start":{"line":38,"column":4},"end":{"line":38,"column":57}},"23":{"start":{"line":38,"column":35},"end":{"line":38,"column":55}},"24":{"start":{"line":42,"column":4},"end":{"line":42,"column":24}},"25":{"start":{"line":1,"column":0},"end":{"line":1,"column":21}}},"fnMap":{"0":{"name":"(anonymous_0)","decl":{"start":{"line":4,"column":2},"end":{"line":4,"column":15}},"loc":{"start":{"line":4,"column":28},"end":{"line":7,"column":3}}},"1":{"name":"(anonymous_1)","decl":{"start":{"line":9,"column":10},"end":{"line":9,"column":18}},"loc":{"start":{"line":9,"column":30},"end":{"line":17,"column":3}}},"2":{"name":"(anonymous_2)","decl":{"start":{"line":19,"column":10},"end":{"line":19,"column":24}},"loc":{"start":{"line":19,"column":53},"end":{"line":26,"column":3}}},"3":{"name":"(anonymous_3)","decl":{"start":{"line":28,"column":10},"end":{"line":28,"column":15}},"loc":{"start":{"line":28,"column":27},"end":{"line":30,"column":3}}},"4":{"name":"(anonymous_4)","decl":{"start":{"line":32,"column":10},"end":{"line":32,"column":23}},"loc":{"start":{"line":32,"column":35},"end":{"line":34,"column":3}}},"5":{"name":"(anonymous_5)","decl":{"start":{"line":36,"column":10},"end":{"line":36,"column":24}},"loc":{"start":{"line":36,"column":36},"end":{"line":39,"column":3}}},"6":{"name":"(anonymous_6)","decl":{"start":{"line":38,"column":26},"end":{"line":38,"column":31}},"loc":{"start":{"line":38,"column":35},"end":{"line":38,"column":55}}},"7":{"name":"(anonymous_7)","decl":{"start":{"line":41,"column":10},"end":{"line":41,"column":27}},"loc":{"start":{"line":41,"column":39},"end":{"line":43,"column":3}}}},"branchMap":{"0":{"loc":{"start":{"line":5,"column":4},"end":{"line":5,"column":61}},"type":"if","locations":[{"start":{"line":5,"column":4},"end":{"line":5,"column":61}}]},"1":{"loc":{"start":{"line":10,"column":4},"end":{"line":10,"column":27}},"type":"if","locations":[{"start":{"line":10,"column":4},"end":{"line":10,"column":27}}]},"2":{"loc":{"start":{"line":12,"column":4},"end":{"line":12,"column":46}},"type":"if","locations":[{"start":{"line":12,"column":4},"end":{"line":12,"column":46}}]},"3":{"loc":{"start":{"line":13,"column":4},"end":{"line":13,"column":47}},"type":"if","locations":[{"start":{"line":13,"column":4},"end":{"line":13,"column":47}}]},"4":{"loc":{"start":{"line":22,"column":6},"end":{"line":22,"column":58}},"type":"if","locations":[{"start":{"line":22,"column":6},"end":{"line":22,"column":58}}]},"5":{"loc":{"start":{"line":25,"column":11},"end":{"line":25,"column":37}},"type":"cond-expr","locations":[{"start":{"line":25,"column":24},"end":{"line":25,"column":25}},{"start":{"line":25,"column":28},"end":{"line":25,"column":37}}]}},"s":{"0":7,"1":4,"2":3,"3":7,"4":1,"5":6,"6":6,"7":1,"8":5,"9":1,"10":4,"11":4,"12":4,"13":8,"14":8,"15":88,"16":76,"17":8,"18":8,"19":6,"20":6,"21":5,"22":5,"23":19,"24":4,"25":1},"f":{"0":7,"1":7,"2":8,"3":6,"4":6,"5":5,"6":19,"7":4},"b":{"0":[4],"1":[1],"2":[1],"3":[1],"4":[76],"5":[2,6]}}
,"F:\\User\\Documents\\projetos\\Clean_code_Clean_Architecture\\backend\\ride\\src\\CpfValidator.ts": {"path":"F:\\User\\Documents\\projetos\\Clean_code_Clean_Architecture\\backend\\ride\\src\\CpfValidator.ts","statementMap":{"0":{"start":{"line":2,"column":2},"end":{"line":2,"column":32}},"1":{"start":{"line":6,"column":2},"end":{"line":6,"column":27}},"2":{"start":{"line":10,"column":23},"end":{"line":10,"column":26}},"3":{"start":{"line":11,"column":2},"end":{"line":11,"column":55}},"4":{"start":{"line":11,"column":33},"end":{"line":11,"column":53}},"5":{"start":{"line":15,"column":2},"end":{"line":15,"column":22}},"6":{"start":{"line":19,"column":14},"end":{"line":19,"column":15}},"7":{"start":{"line":20,"column":2},"end":{"line":22,"column":null}},"8":{"start":{"line":21,"column":4},"end":{"line":21,"column":56}},"9":{"start":{"line":21,"column":20},"end":{"line":21,"column":56}},"10":{"start":{"line":23,"column":15},"end":{"line":23,"column":23}},"11":{"start":{"line":24,"column":2},"end":{"line":24,"column":36}},"12":{"start":{"line":28,"column":2},"end":{"line":28,"column":19}},"13":{"start":{"line":29,"column":2},"end":{"line":29,"column":39}},"14":{"start":{"line":29,"column":26},"end":{"line":29,"column":39}},"15":{"start":{"line":30,"column":2},"end":{"line":30,"column":40}},"16":{"start":{"line":30,"column":27},"end":{"line":30,"column":40}},"17":{"start":{"line":31,"column":12},"end":{"line":31,"column":35}},"18":{"start":{"line":32,"column":12},"end":{"line":32,"column":35}},"19":{"start":{"line":33,"column":2},"end":{"line":33,"column":51}},"20":{"start":{"line":27,"column":0},"end":{"line":27,"column":16}}},"fnMap":{"0":{"name":"clean","decl":{"start":{"line":1,"column":9},"end":{"line":1,"column":14}},"loc":{"start":{"line":1,"column":26},"end":{"line":3,"column":1}}},"1":{"name":"isValidLength","decl":{"start":{"line":5,"column":9},"end":{"line":5,"column":22}},"loc":{"start":{"line":5,"column":34},"end":{"line":7,"column":1}}},"2":{"name":"hasDigitsEqual","decl":{"start":{"line":9,"column":9},"end":{"line":9,"column":23}},"loc":{"start":{"line":9,"column":35},"end":{"line":12,"column":1}}},"3":{"name":"(anonymous_3)","decl":{"start":{"line":11,"column":24},"end":{"line":11,"column":29}},"loc":{"start":{"line":11,"column":33},"end":{"line":11,"column":53}}},"4":{"name":"extractCheckDigit","decl":{"start":{"line":14,"column":9},"end":{"line":14,"column":26}},"loc":{"start":{"line":14,"column":38},"end":{"line":16,"column":1}}},"5":{"name":"calculateDigit","decl":{"start":{"line":18,"column":9},"end":{"line":18,"column":23}},"loc":{"start":{"line":18,"column":52},"end":{"line":25,"column":1}}},"6":{"name":"validate","decl":{"start":{"line":27,"column":16},"end":{"line":27,"column":24}},"loc":{"start":{"line":27,"column":36},"end":{"line":34,"column":1}}}},"branchMap":{"0":{"loc":{"start":{"line":21,"column":4},"end":{"line":21,"column":56}},"type":"if","locations":[{"start":{"line":21,"column":4},"end":{"line":21,"column":56}}]},"1":{"loc":{"start":{"line":24,"column":9},"end":{"line":24,"column":35}},"type":"cond-expr","locations":[{"start":{"line":24,"column":22},"end":{"line":24,"column":23}},{"start":{"line":24,"column":26},"end":{"line":24,"column":35}}]},"2":{"loc":{"start":{"line":29,"column":2},"end":{"line":29,"column":39}},"type":"if","locations":[{"start":{"line":29,"column":2},"end":{"line":29,"column":39}}]},"3":{"loc":{"start":{"line":30,"column":2},"end":{"line":30,"column":40}},"type":"if","locations":[{"start":{"line":30,"column":2},"end":{"line":30,"column":40}}]}},"s":{"0":11,"1":11,"2":9,"3":9,"4":27,"5":8,"6":16,"7":16,"8":176,"9":152,"10":16,"11":16,"12":11,"13":11,"14":2,"15":9,"16":1,"17":8,"18":8,"19":8,"20":3},"f":{"0":11,"1":11,"2":9,"3":27,"4":8,"5":16,"6":11},"b":{"0":[152],"1":[2,14],"2":[2],"3":[1]}}
,"F:\\User\\Documents\\projetos\\Clean_code_Clean_Architecture\\backend\\ride\\src\\Ride.ts": {"path":"F:\\User\\Documents\\projetos\\Clean_code_Clean_Architecture\\backend\\ride\\src\\Ride.ts","statementMap":{"0":{"start":{"line":1,"column":0},"end":{"line":1,"column":32}},"1":{"start":{"line":5,"column":2},"end":{"line":5,"column":23}},"2":{"start":{"line":6,"column":2},"end":{"line":6,"column":28}},"3":{"start":{"line":7,"column":2},"end":{"line":7,"column":20}},"4":{"start":{"line":8,"column":2},"end":{"line":8,"column":20}},"5":{"start":{"line":9,"column":2},"end":{"line":9,"column":17}},"6":{"start":{"line":12,"column":4},"end":{"line":12,"column":23}},"7":{"start":{"line":16,"column":4},"end":{"line":16,"column":52}},"8":{"start":{"line":20,"column":16},"end":{"line":20,"column":17}},"9":{"start":{"line":21,"column":4},"end":{"line":34,"column":null}},"10":{"start":{"line":22,"column":6},"end":{"line":24,"column":null}},"11":{"start":{"line":23,"column":8},"end":{"line":23,"column":55}},"12":{"start":{"line":25,"column":6},"end":{"line":27,"column":null}},"13":{"start":{"line":26,"column":8},"end":{"line":26,"column":63}},"14":{"start":{"line":28,"column":6},"end":{"line":30,"column":null}},"15":{"start":{"line":29,"column":8},"end":{"line":29,"column":53}},"16":{"start":{"line":31,"column":6},"end":{"line":33,"column":null}},"17":{"start":{"line":32,"column":8},"end":{"line":32,"column":53}},"18":{"start":{"line":35,"column":4},"end":{"line":35,"column":61}},"19":{"start":{"line":3,"column":0},"end":{"line":3,"column":21}}},"fnMap":{"0":{"name":"(anonymous_1)","decl":{"start":{"line":11,"column":2},"end":{"line":11,"column":null}},"loc":{"start":{"line":11,"column":2},"end":{"line":13,"column":3}}},"1":{"name":"(anonymous_2)","decl":{"start":{"line":15,"column":2},"end":{"line":15,"column":12}},"loc":{"start":{"line":15,"column":41},"end":{"line":17,"column":3}}},"2":{"name":"(anonymous_3)","decl":{"start":{"line":19,"column":2},"end":{"line":19,"column":11}},"loc":{"start":{"line":19,"column":11},"end":{"line":36,"column":3}}}},"branchMap":{"0":{"loc":{"start":{"line":22,"column":6},"end":{"line":24,"column":null}},"type":"if","locations":[{"start":{"line":22,"column":6},"end":{"line":24,"column":null}}]},"1":{"loc":{"start":{"line":22,"column":10},"end":{"line":22,"column":54}},"type":"binary-expr","locations":[{"start":{"line":22,"column":10},"end":{"line":22,"column":31}},{"start":{"line":22,"column":35},"end":{"line":22,"column":54}}]},"2":{"loc":{"start":{"line":25,"column":6},"end":{"line":27,"column":null}},"type":"if","locations":[{"start":{"line":25,"column":6},"end":{"line":27,"column":null}}]},"3":{"loc":{"start":{"line":25,"column":10},"end":{"line":25,"column":53}},"type":"binary-expr","locations":[{"start":{"line":25,"column":10},"end":{"line":25,"column":31}},{"start":{"line":25,"column":35},"end":{"line":25,"column":53}}]},"4":{"loc":{"start":{"line":28,"column":6},"end":{"line":30,"column":null}},"type":"if","locations":[{"start":{"line":28,"column":6},"end":{"line":30,"column":null}}]},"5":{"loc":{"start":{"line":28,"column":10},"end":{"line":28,"column":54}},"type":"binary-expr","locations":[{"start":{"line":28,"column":10},"end":{"line":28,"column":32}},{"start":{"line":28,"column":36},"end":{"line":28,"column":54}}]},"6":{"loc":{"start":{"line":31,"column":6},"end":{"line":33,"column":null}},"type":"if","locations":[{"start":{"line":31,"column":6},"end":{"line":33,"column":null}}]},"7":{"loc":{"start":{"line":31,"column":10},"end":{"line":31,"column":55}},"type":"binary-expr","locations":[{"start":{"line":31,"column":10},"end":{"line":31,"column":32}},{"start":{"line":31,"column":36},"end":{"line":31,"column":55}}]},"8":{"loc":{"start":{"line":35,"column":11},"end":{"line":35,"column":60}},"type":"cond-expr","locations":[{"start":{"line":35,"column":38},"end":{"line":35,"column":52}},{"start":{"line":35,"column":55},"end":{"line":35,"column":60}}]}},"s":{"0":1,"1":7,"2":7,"3":7,"4":7,"5":7,"6":7,"7":8,"8":5,"9":5,"10":6,"11":1,"12":6,"13":1,"14":6,"15":1,"16":6,"17":3,"18":5,"19":1},"f":{"0":7,"1":8,"2":5},"b":{"0":[1],"1":[6,2],"2":[1],"3":[6,2],"4":[1],"5":[6,4],"6":[3],"7":[6,4],"8":[0,5]}}
,"F:\\User\\Documents\\projetos\\Clean_code_Clean_Architecture\\backend\\ride\\src\\RideCalculator.ts": {"path":"F:\\User\\Documents\\projetos\\Clean_code_Clean_Architecture\\backend\\ride\\src\\RideCalculator.ts","statementMap":{"0":{"start":{"line":3,"column":2},"end":{"line":3,"column":71}},"1":{"start":{"line":7,"column":2},"end":{"line":7,"column":37}},"2":{"start":{"line":11,"column":2},"end":{"line":11,"column":70}},"3":{"start":{"line":15,"column":2},"end":{"line":15,"column":91}},"4":{"start":{"line":19,"column":14},"end":{"line":19,"column":15}},"5":{"start":{"line":20,"column":2},"end":{"line":36,"column":null}},"6":{"start":{"line":21,"column":4},"end":{"line":21,"column":42}},"7":{"start":{"line":22,"column":4},"end":{"line":22,"column":45}},"8":{"start":{"line":22,"column":35},"end":{"line":22,"column":45}},"9":{"start":{"line":23,"column":4},"end":{"line":23,"column":41}},"10":{"start":{"line":23,"column":31},"end":{"line":23,"column":41}},"11":{"start":{"line":24,"column":4},"end":{"line":26,"column":null}},"12":{"start":{"line":25,"column":6},"end":{"line":25,"column":39}},"13":{"start":{"line":27,"column":4},"end":{"line":29,"column":null}},"14":{"start":{"line":28,"column":6},"end":{"line":28,"column":36}},"15":{"start":{"line":30,"column":4},"end":{"line":32,"column":null}},"16":{"start":{"line":31,"column":6},"end":{"line":31,"column":38}},"17":{"start":{"line":33,"column":4},"end":{"line":35,"column":null}},"18":{"start":{"line":34,"column":6},"end":{"line":34,"column":39}},"19":{"start":{"line":37,"column":2},"end":{"line":37,"column":36}},"20":{"start":{"line":38,"column":2},"end":{"line":38,"column":15}},"21":{"start":{"line":18,"column":0},"end":{"line":18,"column":16}}},"fnMap":{"0":{"name":"isOvernight","decl":{"start":{"line":2,"column":9},"end":{"line":2,"column":20}},"loc":{"start":{"line":2,"column":28},"end":{"line":4,"column":1}}},"1":{"name":"isSunday","decl":{"start":{"line":6,"column":9},"end":{"line":6,"column":17}},"loc":{"start":{"line":6,"column":25},"end":{"line":8,"column":1}}},"2":{"name":"isValidDistance","decl":{"start":{"line":10,"column":9},"end":{"line":10,"column":24}},"loc":{"start":{"line":10,"column":32},"end":{"line":12,"column":1}}},"3":{"name":"isValidDate","decl":{"start":{"line":14,"column":9},"end":{"line":14,"column":20}},"loc":{"start":{"line":14,"column":28},"end":{"line":16,"column":1}}},"4":{"name":"calculate","decl":{"start":{"line":18,"column":16},"end":{"line":18,"column":25}},"loc":{"start":{"line":18,"column":34},"end":{"line":39,"column":1}}}},"branchMap":{"0":{"loc":{"start":{"line":3,"column":9},"end":{"line":3,"column":70}},"type":"binary-expr","locations":[{"start":{"line":3,"column":9},"end":{"line":3,"column":38}},{"start":{"line":3,"column":42},"end":{"line":3,"column":70}}]},"1":{"loc":{"start":{"line":11,"column":9},"end":{"line":11,"column":69}},"type":"binary-expr","locations":[{"start":{"line":11,"column":9},"end":{"line":11,"column":45}},{"start":{"line":11,"column":49},"end":{"line":11,"column":69}}]},"2":{"loc":{"start":{"line":15,"column":9},"end":{"line":15,"column":90}},"type":"binary-expr","locations":[{"start":{"line":15,"column":9},"end":{"line":15,"column":37}},{"start":{"line":15,"column":41},"end":{"line":15,"column":90}}]},"3":{"loc":{"start":{"line":22,"column":4},"end":{"line":22,"column":45}},"type":"if","locations":[{"start":{"line":22,"column":4},"end":{"line":22,"column":45}}]},"4":{"loc":{"start":{"line":23,"column":4},"end":{"line":23,"column":41}},"type":"if","locations":[{"start":{"line":23,"column":4},"end":{"line":23,"column":41}}]},"5":{"loc":{"start":{"line":24,"column":4},"end":{"line":26,"column":null}},"type":"if","locations":[{"start":{"line":24,"column":4},"end":{"line":26,"column":null}}]},"6":{"loc":{"start":{"line":24,"column":8},"end":{"line":24,"column":50}},"type":"binary-expr","locations":[{"start":{"line":24,"column":8},"end":{"line":24,"column":28}},{"start":{"line":24,"column":32},"end":{"line":24,"column":50}}]},"7":{"loc":{"start":{"line":27,"column":4},"end":{"line":29,"column":null}},"type":"if","locations":[{"start":{"line":27,"column":4},"end":{"line":29,"column":null}}]},"8":{"loc":{"start":{"line":27,"column":8},"end":{"line":27,"column":49}},"type":"binary-expr","locations":[{"start":{"line":27,"column":8},"end":{"line":27,"column":28}},{"start":{"line":27,"column":32},"end":{"line":27,"column":49}}]},"9":{"loc":{"start":{"line":30,"column":4},"end":{"line":32,"column":null}},"type":"if","locations":[{"start":{"line":30,"column":4},"end":{"line":32,"column":null}}]},"10":{"loc":{"start":{"line":30,"column":8},"end":{"line":30,"column":50}},"type":"binary-expr","locations":[{"start":{"line":30,"column":8},"end":{"line":30,"column":29}},{"start":{"line":30,"column":33},"end":{"line":30,"column":50}}]},"11":{"loc":{"start":{"line":33,"column":4},"end":{"line":35,"column":null}},"type":"if","locations":[{"start":{"line":33,"column":4},"end":{"line":35,"column":null}}]},"12":{"loc":{"start":{"line":33,"column":8},"end":{"line":33,"column":51}},"type":"binary-expr","locations":[{"start":{"line":33,"column":8},"end":{"line":33,"column":29}},{"start":{"line":33,"column":33},"end":{"line":33,"column":51}}]},"13":{"loc":{"start":{"line":37,"column":10},"end":{"line":37,"column":35}},"type":"cond-expr","locations":[{"start":{"line":37,"column":25},"end":{"line":37,"column":27}},{"start":{"line":37,"column":30},"end":{"line":37,"column":35}}]}},"s":{"0":24,"1":12,"2":8,"3":7,"4":8,"5":8,"6":8,"7":8,"8":1,"9":7,"10":1,"11":6,"12":1,"13":6,"14":1,"15":6,"16":1,"17":6,"18":3,"19":6,"20":6,"21":2},"f":{"0":24,"1":12,"2":8,"3":7,"4":8},"b":{"0":[24,16],"1":[8,8],"2":[7,7],"3":[1],"4":[1],"5":[1],"6":[6,2],"7":[1],"8":[6,2],"9":[1],"10":[6,4],"11":[3],"12":[6,4],"13":[1,5]}}
,"F:\\User\\Documents\\projetos\\Clean_code_Clean_Architecture\\backend\\ride\\src\\Segment.ts": {"path":"F:\\User\\Documents\\projetos\\Clean_code_Clean_Architecture\\backend\\ride\\src\\Segment.ts","statementMap":{"0":{"start":{"line":2,"column":24},"end":{"line":2,"column":40}},"1":{"start":{"line":2,"column":51},"end":{"line":2,"column":61}},"2":{"start":{"line":3,"column":4},"end":{"line":3,"column":69}},"3":{"start":{"line":3,"column":33},"end":{"line":3,"column":69}},"4":{"start":{"line":4,"column":4},"end":{"line":4,"column":61}},"5":{"start":{"line":4,"column":29},"end":{"line":4,"column":61}},"6":{"start":{"line":7,"column":4},"end":{"line":7,"column":67}},"7":{"start":{"line":11,"column":4},"end":{"line":11,"column":36}},"8":{"start":{"line":15,"column":4},"end":{"line":15,"column":83}},"9":{"start":{"line":19,"column":4},"end":{"line":19,"column":93}},"10":{"start":{"line":1,"column":0},"end":{"line":1,"column":21}}},"fnMap":{"0":{"name":"(anonymous_0)","decl":{"start":{"line":2,"column":2},"end":{"line":2,"column":24}},"loc":{"start":{"line":2,"column":61},"end":{"line":5,"column":3}}},"1":{"name":"(anonymous_1)","decl":{"start":{"line":6,"column":2},"end":{"line":6,"column":13}},"loc":{"start":{"line":6,"column":13},"end":{"line":8,"column":3}}},"2":{"name":"(anonymous_2)","decl":{"start":{"line":10,"column":2},"end":{"line":10,"column":10}},"loc":{"start":{"line":10,"column":10},"end":{"line":12,"column":3}}},"3":{"name":"(anonymous_3)","decl":{"start":{"line":14,"column":2},"end":{"line":14,"column":17}},"loc":{"start":{"line":14,"column":17},"end":{"line":16,"column":3}}},"4":{"name":"(anonymous_4)","decl":{"start":{"line":18,"column":2},"end":{"line":18,"column":13}},"loc":{"start":{"line":18,"column":13},"end":{"line":21,"column":3}}}},"branchMap":{"0":{"loc":{"start":{"line":3,"column":4},"end":{"line":3,"column":69}},"type":"if","locations":[{"start":{"line":3,"column":4},"end":{"line":3,"column":69}}]},"1":{"loc":{"start":{"line":4,"column":4},"end":{"line":4,"column":61}},"type":"if","locations":[{"start":{"line":4,"column":4},"end":{"line":4,"column":61}}]},"2":{"loc":{"start":{"line":7,"column":11},"end":{"line":7,"column":66}},"type":"binary-expr","locations":[{"start":{"line":7,"column":11},"end":{"line":7,"column":37}},{"start":{"line":7,"column":41},"end":{"line":7,"column":66}}]},"3":{"loc":{"start":{"line":15,"column":11},"end":{"line":15,"column":82}},"type":"binary-expr","locations":[{"start":{"line":15,"column":11},"end":{"line":15,"column":24}},{"start":{"line":15,"column":28},"end":{"line":15,"column":61}},{"start":{"line":15,"column":65},"end":{"line":15,"column":82}}]},"4":{"loc":{"start":{"line":19,"column":11},"end":{"line":19,"column":92}},"type":"binary-expr","locations":[{"start":{"line":19,"column":11},"end":{"line":19,"column":20}},{"start":{"line":19,"column":24},"end":{"line":19,"column":49}},{"start":{"line":19,"column":53},"end":{"line":19,"column":92}}]}},"s":{"0":8,"1":8,"2":8,"3":1,"4":7,"5":1,"6":24,"7":12,"8":8,"9":7,"10":1},"f":{"0":8,"1":24,"2":12,"3":8,"4":7},"b":{"0":[1],"1":[1],"2":[24,16],"3":[8,8,8],"4":[7,7,7]}}
,"F:\\User\\Documents\\projetos\\Clean_code_Clean_Architecture\\backend\\ride\\src\\application\\usecase\\CalculateRide.ts": {"path":"F:\\User\\Documents\\projetos\\Clean_code_Clean_Architecture\\backend\\ride\\src\\application\\usecase\\CalculateRide.ts","statementMap":{"0":{"start":{"line":1,"column":0},"end":{"line":1,"column":49}},"1":{"start":{"line":8,"column":20},"end":{"line":8,"column":45}},"2":{"start":{"line":9,"column":6},"end":{"line":11,"column":8}},"3":{"start":{"line":3,"column":0},"end":{"line":3,"column":21}}},"fnMap":{"0":{"name":"(anonymous_7)","decl":{"start":{"line":4,"column":3},"end":{"line":4,"column":null}},"loc":{"start":{"line":4,"column":3},"end":{"line":5,"column":4}}},"1":{"name":"(anonymous_8)","decl":{"start":{"line":7,"column":9},"end":{"line":7,"column":16}},"loc":{"start":{"line":7,"column":29},"end":{"line":12,"column":null}}}},"branchMap":{},"s":{"0":1,"1":1,"2":1,"3":1},"f":{"0":1,"1":1},"b":{}}
,"F:\\User\\Documents\\projetos\\Clean_code_Clean_Architecture\\backend\\ride\\src\\application\\usecase\\CreateDriver.ts": {"path":"F:\\User\\Documents\\projetos\\Clean_code_Clean_Architecture\\backend\\ride\\src\\application\\usecase\\CreateDriver.ts","statementMap":{"0":{"start":{"line":1,"column":0},"end":{"line":1,"column":46}},"1":{"start":{"line":2,"column":13},"end":{"line":2,"column":40}},"2":{"start":{"line":9,"column":49},"end":{"line":9,"column":54}},"3":{"start":{"line":10,"column":4},"end":{"line":10,"column":66}},"4":{"start":{"line":10,"column":35},"end":{"line":10,"column":66}},"5":{"start":{"line":11,"column":23},"end":{"line":16,"column":8}},"6":{"start":{"line":17,"column":4},"end":{"line":17,"column":38}},"7":{"start":{"line":4,"column":0},"end":{"line":4,"column":21}}},"fnMap":{"0":{"name":"(anonymous_7)","decl":{"start":{"line":5,"column":2},"end":{"line":5,"column":null}},"loc":{"start":{"line":5,"column":2},"end":{"line":6,"column":3}}},"1":{"name":"(anonymous_8)","decl":{"start":{"line":8,"column":8},"end":{"line":8,"column":15}},"loc":{"start":{"line":8,"column":29},"end":{"line":18,"column":null}}}},"branchMap":{"0":{"loc":{"start":{"line":10,"column":4},"end":{"line":10,"column":66}},"type":"if","locations":[{"start":{"line":10,"column":4},"end":{"line":10,"column":66}}]}},"s":{"0":1,"1":1,"2":2,"3":2,"4":0,"5":2,"6":2,"7":1},"f":{"0":2,"1":2},"b":{"0":[0]}}
,"F:\\User\\Documents\\projetos\\Clean_code_Clean_Architecture\\backend\\ride\\src\\application\\usecase\\CreatePassenger.ts": {"path":"F:\\User\\Documents\\projetos\\Clean_code_Clean_Architecture\\backend\\ride\\src\\application\\usecase\\CreatePassenger.ts","statementMap":{"0":{"start":{"line":1,"column":0},"end":{"line":1,"column":46}},"1":{"start":{"line":2,"column":13},"end":{"line":2,"column":40}},"2":{"start":{"line":9,"column":38},"end":{"line":9,"column":43}},"3":{"start":{"line":10,"column":4},"end":{"line":10,"column":66}},"4":{"start":{"line":10,"column":35},"end":{"line":10,"column":66}},"5":{"start":{"line":11,"column":26},"end":{"line":15,"column":8}},"6":{"start":{"line":16,"column":6},"end":{"line":16,"column":55}},"7":{"start":{"line":18,"column":4},"end":{"line":18,"column":44}},"8":{"start":{"line":4,"column":0},"end":{"line":4,"column":21}}},"fnMap":{"0":{"name":"(anonymous_7)","decl":{"start":{"line":5,"column":2},"end":{"line":5,"column":null}},"loc":{"start":{"line":5,"column":2},"end":{"line":6,"column":3}}},"1":{"name":"(anonymous_8)","decl":{"start":{"line":8,"column":8},"end":{"line":8,"column":15}},"loc":{"start":{"line":8,"column":29},"end":{"line":19,"column":null}}}},"branchMap":{"0":{"loc":{"start":{"line":10,"column":4},"end":{"line":10,"column":66}},"type":"if","locations":[{"start":{"line":10,"column":4},"end":{"line":10,"column":66}}]}},"s":{"0":1,"1":1,"2":2,"3":2,"4":0,"5":2,"6":2,"7":2,"8":1},"f":{"0":2,"1":2},"b":{"0":[0]}}
,"F:\\User\\Documents\\projetos\\Clean_code_Clean_Architecture\\backend\\ride\\src\\application\\usecase\\GetDriver.ts": {"path":"F:\\User\\Documents\\projetos\\Clean_code_Clean_Architecture\\backend\\ride\\src\\application\\usecase\\GetDriver.ts","statementMap":{"0":{"start":{"line":1,"column":13},"end":{"line":1,"column":40}},"1":{"start":{"line":8,"column":25},"end":{"line":8,"column":30}},"2":{"start":{"line":9,"column":23},"end":{"line":12,"column":12}},"3":{"start":{"line":13,"column":4},"end":{"line":19,"column":null}},"4":{"start":{"line":3,"column":0},"end":{"line":3,"column":21}}},"fnMap":{"0":{"name":"(anonymous_7)","decl":{"start":{"line":4,"column":2},"end":{"line":4,"column":null}},"loc":{"start":{"line":4,"column":2},"end":{"line":5,"column":3}}},"1":{"name":"(anonymous_8)","decl":{"start":{"line":7,"column":8},"end":{"line":7,"column":15}},"loc":{"start":{"line":7,"column":29},"end":{"line":20,"column":null}}}},"branchMap":{},"s":{"0":1,"1":1,"2":1,"3":1,"4":1},"f":{"0":1,"1":1},"b":{}}
,"F:\\User\\Documents\\projetos\\Clean_code_Clean_Architecture\\backend\\ride\\src\\application\\usecase\\GetPassenger.ts": {"path":"F:\\User\\Documents\\projetos\\Clean_code_Clean_Architecture\\backend\\ride\\src\\application\\usecase\\GetPassenger.ts","statementMap":{"0":{"start":{"line":1,"column":13},"end":{"line":1,"column":40}},"1":{"start":{"line":8,"column":28},"end":{"line":8,"column":33}},"2":{"start":{"line":9,"column":26},"end":{"line":12,"column":12}},"3":{"start":{"line":13,"column":4},"end":{"line":13,"column":48}},"4":{"start":{"line":15,"column":4},"end":{"line":20,"column":null}},"5":{"start":{"line":3,"column":0},"end":{"line":3,"column":21}}},"fnMap":{"0":{"name":"(anonymous_7)","decl":{"start":{"line":4,"column":2},"end":{"line":4,"column":null}},"loc":{"start":{"line":4,"column":2},"end":{"line":5,"column":3}}},"1":{"name":"(anonymous_8)","decl":{"start":{"line":7,"column":8},"end":{"line":7,"column":15}},"loc":{"start":{"line":7,"column":29},"end":{"line":21,"column":null}}}},"branchMap":{},"s":{"0":1,"1":1,"2":1,"3":1,"4":1,"5":1},"f":{"0":1,"1":1},"b":{}}
}
