TN:
SF:src\CpfValidator.ts
FN:2,validate
FN:11,(anonymous_1)
FNF:2
FNH:2
FNDA:9,validate
FNDA:19,(anonymous_1)
DA:2,1
DA:3,9
DA:4,8
DA:5,7
DA:6,5
DA:11,19
DA:12,4
DA:17,4
DA:18,4
DA:19,4
DA:20,36
DA:21,36
DA:22,36
DA:25,4
DA:27,4
DA:28,4
DA:29,4
DA:30,4
DA:31,1
DA:33,3
DA:34,4
DA:35,4
DA:36,4
DA:38,0
DA:39,0
DA:41,1
DA:42,2
DA:44,1
LF:28
LH:26
BRDA:3,0,0,8
BRDA:3,0,1,1
BRDA:4,1,0,7
BRDA:5,2,0,5
BRDA:5,2,1,2
BRDA:5,3,0,7
BRDA:5,3,1,5
BRDA:11,4,0,4
BRDA:11,4,1,1
BRDA:27,5,0,1
BRDA:27,5,1,3
BRDA:30,6,0,1
BRDA:30,6,1,3
BRF:13
BRH:13
end_of_record
