TN:
SF:src\CpfValidator.ts
FN:1,clean
FN:5,isValidLength
FN:9,hasDigitsEqual
FN:10,(anonymous_3)
FN:13,extractCheckDigit
FN:17,calculateDigit
FN:26,validate
FNF:7
FNH:7
FNDA:6,clean
FNDA:6,isValidLength
FNDA:5,hasDigitsEqual
FNDA:19,(anonymous_3)
FNDA:4,extractCheckDigit
FNDA:8,calculateDigit
FNDA:7,validate
DA:2,6
DA:6,6
DA:10,19
DA:14,4
DA:18,8
DA:19,8
DA:20,88
DA:22,8
DA:23,8
DA:26,1
DA:27,7
DA:28,6
DA:29,6
DA:30,5
DA:31,4
DA:32,4
DA:34,4
LF:17
LH:17
BRDA:20,0,0,76
BRDA:23,1,0,2
BRDA:23,1,1,6
BRDA:27,2,0,1
BRDA:29,3,0,1
BRDA:30,4,0,1
BRF:6
BRH:6
end_of_record
